NL-08014: Failed to initialize Diagnosability framework, falling back to old network tracing/logging 
 
 NL-08015: Client(OCI) side initialization of Diagnosability framework failed
  ORA-48165: user missing read, write, or exec permission on specified ADR Base directory []
User inputted base directory is invalid [48187] [C:\APPWIN\product\11.2.0\client_1\log]

NL-08014: Failed to initialize Diagnosability framework, falling back to old network tracing/logging 
 
 NL-08015: Client(OCI) side initialization of Diagnosability framework failed
  ORA-48165: user missing read, write, or exec permission on specified ADR Base directory []
User inputted base directory is invalid [48187] [C:\APPWIN\product\11.2.0\client_1\log]

NL-08014: Failed to initialize Diagnosability framework, falling back to old network tracing/logging 
 
 NL-08015: Client(OCI) side initialization of Diagnosability framework failed
  ORA-48165: user missing read, write, or exec permission on specified ADR Base directory []
User inputted base directory is invalid [48187] [C:\APPWIN\product\11.2.0\client_1\log]

NL-08014: Failed to initialize Diagnosability framework, falling back to old network tracing/logging 
 
 NL-08015: Client(OCI) side initialization of Diagnosability framework failed
  ORA-48165: user missing read, write, or exec permission on specified ADR Base directory []
User inputted base directory is invalid [48187] [C:\APPWIN\product\11.2.0\client_1\log]

NL-08014: Failed to initialize Diagnosability framework, falling back to old network tracing/logging 
 
 NL-08015: Client(OCI) side initialization of Diagnosability framework failed
  ORA-48165: user missing read, write, or exec permission on specified ADR Base directory []
User inputted base directory is invalid [48187] [C:\APPWIN\product\11.2.0\client_1\log]

NL-08014: Failed to initialize Diagnosability framework, falling back to old network tracing/logging 
 
 NL-08015: Client(OCI) side initialization of Diagnosability framework failed
  ORA-48165: user missing read, write, or exec permission on specified ADR Base directory []
User inputted base directory is invalid [48187] [C:\APPWIN\product\11.2.0\client_1\log]

NL-08014: Failed to initialize Diagnosability framework, falling back to old network tracing/logging 
 
 NL-08015: Client(OCI) side initialization of Diagnosability framework failed
  ORA-48165: user missing read, write, or exec permission on specified ADR Base directory []
User inputted base directory is invalid [48187] [C:\APPWIN\product\11.2.0\client_1\log]

NL-08014: Failed to initialize Diagnosability framework, falling back to old network tracing/logging 
 
 NL-08015: Client(OCI) side initialization of Diagnosability framework failed
  ORA-48165: user missing read, write, or exec permission on specified ADR Base directory []
User inputted base directory is invalid [48187] [C:\APPWIN\product\11.2.0\client_1\log]

NL-08014: Failed to initialize Diagnosability framework, falling back to old network tracing/logging 
 
 NL-08015: Client(OCI) side initialization of Diagnosability framework failed
  ORA-48165: user missing read, write, or exec permission on specified ADR Base directory []
User inputted base directory is invalid [48187] [C:\APPWIN\product\11.2.0\client_1\log]

NL-08014: Failed to initialize Diagnosability framework, falling back to old network tracing/logging 
 
 NL-08015: Client(OCI) side initialization of Diagnosability framework failed
  ORA-48165: user missing read, write, or exec permission on specified ADR Base directory []
User inputted base directory is invalid [48187] [C:\APPWIN\product\11.2.0\client_1\log]

NL-08014: Failed to initialize Diagnosability framework, falling back to old network tracing/logging 
 
 NL-08015: Client(OCI) side initialization of Diagnosability framework failed
  ORA-48165: user missing read, write, or exec permission on specified ADR Base directory []
User inputted base directory is invalid [48187] [C:\APPWIN\product\11.2.0\client_1\log]

NL-08014: Failed to initialize Diagnosability framework, falling back to old network tracing/logging 
 
 NL-08015: Client(OCI) side initialization of Diagnosability framework failed
  ORA-48165: user missing read, write, or exec permission on specified ADR Base directory []
User inputted base directory is invalid [48187] [C:\APPWIN\product\11.2.0\client_1\log]

NL-08014: Failed to initialize Diagnosability framework, falling back to old network tracing/logging 
 
 NL-08015: Client(OCI) side initialization of Diagnosability framework failed
  ORA-48165: user missing read, write, or exec permission on specified ADR Base directory []
User inputted base directory is invalid [48187] [C:\APPWIN\product\11.2.0\client_1\log]

NL-08014: Failed to initialize Diagnosability framework, falling back to old network tracing/logging 
 
 NL-08015: Client(OCI) side initialization of Diagnosability framework failed
  ORA-48165: user missing read, write, or exec permission on specified ADR Base directory []
User inputted base directory is invalid [48187] [C:\APPWIN\product\11.2.0\client_1\log]

NL-08014: Failed to initialize Diagnosability framework, falling back to old network tracing/logging 
 
 NL-08015: Client(OCI) side initialization of Diagnosability framework failed
  ORA-48165: user missing read, write, or exec permission on specified ADR Base directory []
User inputted base directory is invalid [48187] [C:\APPWIN\product\11.2.0\client_1\log]

NL-08014: Failed to initialize Diagnosability framework, falling back to old network tracing/logging 
 
 NL-08015: Client(OCI) side initialization of Diagnosability framework failed
  ORA-48165: user missing read, write, or exec permission on specified ADR Base directory []
User inputted base directory is invalid [48187] [C:\APPWIN\product\11.2.0\client_1\log]

NL-08014: Failed to initialize Diagnosability framework, falling back to old network tracing/logging 
 
 NL-08015: Client(OCI) side initialization of Diagnosability framework failed
  ORA-48165: user missing read, write, or exec permission on specified ADR Base directory []
User inputted base directory is invalid [48187] [C:\APPWIN\product\11.2.0\client_1\log]

NL-08014: Failed to initialize Diagnosability framework, falling back to old network tracing/logging 
 
 NL-08015: Client(OCI) side initialization of Diagnosability framework failed
  ORA-48165: user missing read, write, or exec permission on specified ADR Base directory []
User inputted base directory is invalid [48187] [C:\APPWIN\product\11.2.0\client_1\log]

NL-08014: Failed to initialize Diagnosability framework, falling back to old network tracing/logging 
 
 NL-08015: Client(OCI) side initialization of Diagnosability framework failed
  ORA-48165: user missing read, write, or exec permission on specified ADR Base directory []
User inputted base directory is invalid [48187] [C:\APPWIN\product\11.2.0\client_1\log]

NL-08014: Failed to initialize Diagnosability framework, falling back to old network tracing/logging 
 
 NL-08015: Client(OCI) side initialization of Diagnosability framework failed
  ORA-48165: user missing read, write, or exec permission on specified ADR Base directory []
User inputted base directory is invalid [48187] [C:\APPWIN\product\11.2.0\client_1\log]

NL-08014: Failed to initialize Diagnosability framework, falling back to old network tracing/logging 
 
 NL-08015: Client(OCI) side initialization of Diagnosability framework failed
  ORA-48165: user missing read, write, or exec permission on specified ADR Base directory []
User inputted base directory is invalid [48187] [C:\APPWIN\product\11.2.0\client_1\log]

NL-08014: Failed to initialize Diagnosability framework, falling back to old network tracing/logging 
 
 NL-08015: Client(OCI) side initialization of Diagnosability framework failed
  ORA-48165: user missing read, write, or exec permission on specified ADR Base directory []
User inputted base directory is invalid [48187] [C:\APPWIN\product\11.2.0\client_1\log]

NL-08014: Failed to initialize Diagnosability framework, falling back to old network tracing/logging 
 
 NL-08015: Client(OCI) side initialization of Diagnosability framework failed
  ORA-48165: user missing read, write, or exec permission on specified ADR Base directory []
User inputted base directory is invalid [48187] [C:\APPWIN\product\11.2.0\client_1\log]

NL-08014: Failed to initialize Diagnosability framework, falling back to old network tracing/logging 
 
 NL-08015: Client(OCI) side initialization of Diagnosability framework failed
  ORA-48165: user missing read, write, or exec permission on specified ADR Base directory []
User inputted base directory is invalid [48187] [C:\APPWIN\product\11.2.0\client_1\log]

NL-08014: Failed to initialize Diagnosability framework, falling back to old network tracing/logging 
 
 NL-08015: Client(OCI) side initialization of Diagnosability framework failed
  ORA-48165: user missing read, write, or exec permission on specified ADR Base directory []
User inputted base directory is invalid [48187] [C:\APPWIN\product\11.2.0\client_1\log]



***********************************************************************
Fatal NI connect error 12170, connecting to:
 (description=(address_list=(address=(protocol=tcp)(host=brux0040)(port=1521)))(connect_data=(sid=T12MOB11)(CID=(PROGRAM=C:\Program?Files\nodejs\node.EXE)(HOST=INV008641)(USER=jose.ramalho))(CONNECTION_ID=hjPq9oXsSJO0rt84n/OzFA==)))

  VERSION INFORMATION:
	TNS for 64-bit Windows: Version 21.0.0.0.0 - Production
	Windows NT TCP/IP NT Protocol Adapter for 64-bit Windows: Version 21.0.0.0.0 - Production
  Version 21.10.0.0.0
  Time: 24-MAY-2023 12:20:45
  Tracing not turned on. Process Id = 16452 - Thread Id = 18088
  Tns error struct:
    ns main err code: 12535
    TNS-12535: TNS:operation timed out
    ns secondary err code: 12560
    nt main err code: 505
    TNS-00505: Operation timed out
    nt secondary err code: 60
    nt OS err code: 0
NL-08014: Failed to initialize Diagnosability framework, falling back to old network tracing/logging 
 
 NL-08015: Client(OCI) side initialization of Diagnosability framework failed
  ORA-48165: user missing read, write, or exec permission on specified ADR Base directory []
User inputted base directory is invalid [48187] [C:\APPWIN\product\11.2.0\client_1\log]

NL-08014: Failed to initialize Diagnosability framework, falling back to old network tracing/logging 
 
 NL-08015: Client(OCI) side initialization of Diagnosability framework failed
  ORA-48165: user missing read, write, or exec permission on specified ADR Base directory []
User inputted base directory is invalid [48187] [C:\APPWIN\product\11.2.0\client_1\log]

NL-08014: Failed to initialize Diagnosability framework, falling back to old network tracing/logging 
 
 NL-08015: Client(OCI) side initialization of Diagnosability framework failed
  ORA-48165: user missing read, write, or exec permission on specified ADR Base directory []
User inputted base directory is invalid [48187] [C:\APPWIN\product\11.2.0\client_1\log]

